Action.c(179):           <li><i>aliens metior\n
Action.c(179):           <li><i></i>\n
Action.c(179):           </td></tr></table></center>\n
Action.c(179):       </TD>\n
Action.c(179):       <TD width="5%" >.<br/>.<br/>.<br/>.</TD>\n
Action.c(179):       <TD width="45%" valign=top><b>Invoice sent to:</b><br/>\n
Action.c(179):           <center>\n
Action.c(179):           <Table width="80%" cellspacing="0" > <tr> <td>\n
Action.c(179):               aliens metior\n
Action.c(179):     <br/>\n
Action.c(179):               Some<br/>\n
Action.c(179):               Secret<br/>\n
Action.c(179):               <br/>\n
Action.c(179):               Total Charge: $ 331 <BR/> (CC: x-1111)\n
Action.c(179):           </td> </tr> </table>\n
Action.c(179):           </center>\n
Action.c(179):       </TD>\n
Action.c(179):     </TR>\n
Action.c(179):     <TR bgcolor="#EFF2F7">\n
Action.c(179):       <TD COLSPAN="3">\n
Action.c(179):       <b>Flight Details:</b><BR/>  <center>\n
Action.c(179):       11/25/2023\n
Action.c(179):      :  5pm : Flight 292 leaves London  for Zurich.<br>  </center>\n
Action.c(179):       </TD>\n
Action.c(179):     </TR>\n
Action.c(179):     \n
Action.c(179):     <TR bgcolor="#EFF2F7">\n
Action.c(179):       <TD COLSPAN="4">\n
Action.c(179):       <hr/>\n
Action.c(179):       </TD>\n
Action.c(179):     </TR>\n
Action.c(179):     \n
Action.c(179):     <!-- Flight #1 -->\n
Action.c(179):     <TR bgcolor="#EFF2F7">\n
Action.c(179):       <TD width="5%" rowspan="2" align="left" valign="top">\n
Action.c(179):     <b>\n
Action.c(179):     <label><input type="checkbox" name="9" value="on" /></label></font></b>\n
Action.c(179):     <input type="hidden" name="flightID" value="41159008-6940-am"  />\n
Action.c(179):       </TD>\n
Action.c(179):       <TD width="45%" valign="top">\n
Action.c(179):           <b>&nbsp;&nbsp;A Business class ticket for :</b><br/>\n
Action.c(179):           <center><table border="0" width="85%"><tr><td>\n
Action.c(179):           <li><i>aliens metior\n
Action.c(179):           <li><i></i>\n
Action.c(179):           </td></tr></table></center>\n
Action.c(179):       </TD>\n
Action.c(179):       <TD width="5%" >.<br/>.<br/>.<br/>.</TD>\n
Action.c(179):       <TD width="45%" valign=top><b>Invoice sent to:</b><br/>\n
Action.c(179):           <center>\n
Action.c(179):           <Table width="80%" cellspacing="0" > <tr> <td>\n
Action.c(179):               aliens metior\n
Action.c(179):     <br/>\n
Action.c(179):               Some<br/>\n
Action.c(179):               Secret<br/>\n
Action.c(179):               <br/>\n
Action.c(179):               Total Charge: $ 221 <BR/> (CC: x-1111)\n
Action.c(179):           </td> </tr> </table>\n
Action.c(179):           </center>\n
Action.c(179):       </TD>\n
Action.c(179):     </TR>\n
Action.c(179):     <TR bgcolor="#EFF2F7">\n
Action.c(179):       <TD COLSPAN="3">\n
Action.c(179):       <b>Flight Details:</b><BR/>  <center>\n
Action.c(179):       11/25/2023\n
Action.c(179):      :  11pm : Flight 293 leaves London  for Zurich.<br>  </center>\n
Action.c(179):       </TD>\n
Action.c(179):     </TR>\n
Action.c(179):     \n
Action.c(179):     <TR bgcolor="#EFF2F7">\n
Action.c(179):       <TD COLSPAN="4">\n
Action.c(179):       <hr/>\n
Action.c(179):       </TD>\n
Action.c(179):     </TR>\n
Action.c(179):     <TR>\n
Action.c(179):        <TD align="center" COLSPAN="4">\n
Action.c(179):        <b>A total of 9 scheduled flights.</font></b>\n
Action.c(179):        </TD>\n
Action.c(179):     </TR>\n
Action.c(179):     </TABLE>\n
Action.c(179):     \n
Action.c(179):     <TABLE WIDTH="87%" BORDER="0" CELLSPACING="0">\n
Action.c(179):     <TR>\n
Action.c(179):     <TD align="left" width="50%" >\n
Action.c(179):     <input type="image" name="removeFlights" src="/WebTours/images/cancelreservation.gif" bord
Action.c(179):     er="0" /></TD>\n
Action.c(179):     <TD align="right" width="50%" >\n
Action.c(179):     <input type="image" name="removeAllFlights" src="/WebTours/images/cancelallreservations.gi
Action.c(179):     f" border="0" /></TD>\n
Action.c(179):     </TABLE>\n
Action.c(179):     \n
Action.c(179):     <div><input type="hidden" name=".cgifields" value="6"  /><input type="hidden" name=".cgifi
Action.c(179):     elds" value="3"  /><input type="hidden" name=".cgifields" value="7"  /><input type="hidden
Action.c(179):     " name=".cgifields" value="9"  /><input type="hidden" name=".cgifields" value="2"  /><inpu
Action.c(179):     t type="hidden" name=".cgifields" value="8"  /><input type="hidden" name=".cgifields" valu
Action.c(179):     e="1"  /><input type="hidden" name=".cgifields" value="4"  /><input type="hidden" name=".c
Action.c(179):     gifields" value="5"  /></div></form>\n
Action.c(179):     \n
Action.c(179):     </center>\n
Action.c(179):     \n
Action.c(179):     </body>\n
Action.c(179):     </html>
Action.c(179): Found resource "http://localhost:1080/WebTours/images/cancelreservation.gif" in HTML "http://localhost:1080/cgi-bin/itinerary.pl"  	[MsgId: MMSG-26659]
Action.c(179): Found resource "http://localhost:1080/WebTours/images/cancelallreservations.gif" in HTML "http://localhost:1080/cgi-bin/itinerary.pl"  	[MsgId: MMSG-26659]
Action.c(179): t=37324ms: Request done "http://localhost:1080/cgi-bin/itinerary.pl"  	[MsgId: MMSG-26000]
Action.c(179): t=37324ms: Already connected [0] to localhost:1080  	[MsgId: MMSG-26000]
Action.c(179): t=37324ms: 435-byte request headers for "http://localhost:1080/WebTours/images/cancelreservation.gif" (RelFrameId=, Internal ID=696)
Action.c(179):     GET /WebTours/images/cancelreservation.gif HTTP/1.1\r\n
Action.c(179):     Referer: http://localhost:1080/cgi-bin/itinerary.pl\r\n
Action.c(179):     User-Agent: Mozilla/5.0 (Windows NT 10.0; WOW64; Trident/7.0; rv:11.0) like Gecko\r\n
Action.c(179):     Accept-Encoding: gzip, deflate\r\n
Action.c(179):     Accept-Language: ru-RU\r\n
Action.c(179):     Accept: */*\r\n
Action.c(179):     Connection: Keep-Alive\r\n
Action.c(179):     Host: localhost:1080\r\n
Action.c(179):     Cookie: MSO=SID&1700776991; MTUserInfo=firstName&aliens&username&votv&address2&Secret&hash
Action.c(179):     &118&address1&Some&lastName&metior%0A\r\n
Action.c(179):     \r\n
Action.c(179): t=37325ms: Already connected [1] to localhost:1080  	[MsgId: MMSG-26000]
Action.c(179): t=37325ms: 439-byte request headers for "http://localhost:1080/WebTours/images/cancelallreservations.gif" (RelFrameId=, Internal ID=697)
Action.c(179):     GET /WebTours/images/cancelallreservations.gif HTTP/1.1\r\n
Action.c(179):     Referer: http://localhost:1080/cgi-bin/itinerary.pl\r\n
Action.c(179):     User-Agent: Mozilla/5.0 (Windows NT 10.0; WOW64; Trident/7.0; rv:11.0) like Gecko\r\n
Action.c(179):     Accept-Encoding: gzip, deflate\r\n
Action.c(179):     Accept-Language: ru-RU\r\n
Action.c(179):     Accept: */*\r\n
Action.c(179):     Connection: Keep-Alive\r\n
Action.c(179):     Host: localhost:1080\r\n
Action.c(179):     Cookie: MSO=SID&1700776991; MTUserInfo=firstName&aliens&username&votv&address2&Secret&hash
Action.c(179):     &118&address1&Some&lastName&metior%0A\r\n
Action.c(179):     \r\n
Action.c(179): t=37325ms: 297-byte response headers for "http://localhost:1080/WebTours/images/cancelreservation.gif" (RelFrameId=, Internal ID=696)
Action.c(179):     HTTP/1.1 200 OK\r\n
Action.c(179):     Date: Thu, 23 Nov 2023 22:03:13 GMT\r\n
Action.c(179):     Server: Apache/2.2.21 (Win32)\r\n
Action.c(179):     Last-Modified: Thu, 12 Jan 2012 13:30:27 GMT\r\n
Action.c(179):     ETag: "90000000039c7-33f-4b654c052c2c0"\r\n
Action.c(179):     Accept-Ranges: bytes\r\n
Action.c(179):     Content-Length: 831\r\n
Action.c(179):     Keep-Alive: timeout=5, max=87\r\n
Action.c(179):     Connection: Keep-Alive\r\n
Action.c(179):     Content-Type: image/gif\r\n
Action.c(179):     \r\n
Action.c(179): t=37326ms: 831-byte response body for "http://localhost:1080/WebTours/images/cancelreservation.gif" (RelFrameId=, Internal ID=696)
Action.c(179): t=37326ms: Request done "http://localhost:1080/WebTours/images/cancelreservation.gif"  	[MsgId: MMSG-26000]
Action.c(179): t=37361ms: 297-byte response headers for "http://localhost:1080/WebTours/images/cancelallreservations.gif" (RelFrameId=, Internal ID=697)
Action.c(179):     HTTP/1.1 200 OK\r\n
Action.c(179):     Date: Thu, 23 Nov 2023 22:03:13 GMT\r\n
Action.c(179):     Server: Apache/2.2.21 (Win32)\r\n
Action.c(179):     Last-Modified: Thu, 12 Jan 2012 13:30:27 GMT\r\n
Action.c(179):     ETag: "50000000039c6-2e6-4b654c052c2c0"\r\n
Action.c(179):     Accept-Ranges: bytes\r\n
Action.c(179):     Content-Length: 742\r\n
Action.c(179):     Keep-Alive: timeout=5, max=92\r\n
Action.c(179):     Connection: Keep-Alive\r\n
Action.c(179):     Content-Type: image/gif\r\n
Action.c(179):     \r\n
Action.c(179): t=37362ms: 742-byte response body for "http://localhost:1080/WebTours/images/cancelallreservations.gif" (RelFrameId=, Internal ID=697)
Action.c(179): t=37362ms: Request done "http://localhost:1080/WebTours/images/cancelallreservations.gif"  	[MsgId: MMSG-26000]
Action.c(179): Registered web_reg_find successful for "Text=Itinerary Frame" (count=1)  	[MsgId: MMSG-26364]
Action.c(179): web_url("welcome.pl") was successful, 16101 body bytes, 1616 header bytes, 51 chunking overhead bytes  	[MsgId: MMSG-26385]
Action.c(189): Notify: Transaction "iterary" ended with a "Pass" status (Duration: 0.2832 Wasted Time: 0.0680).
Action.c(193): Notify: Transaction "Logout" started.
Action.c(195): web_reg_find started  	[MsgId: MMSG-26355]
Action.c(195): Registering web_reg_find was successful  	[MsgId: MMSG-26390]
Action.c(197): web_url("SignOff Button") started  	[MsgId: MMSG-26355]
Action.c(197): t=37520ms: Already connected [0] to localhost:1080  	[MsgId: MMSG-26000]
Action.c(197): t=37520ms: 443-byte request headers for "http://localhost:1080/cgi-bin/welcome.pl?signOff=1" (RelFrameId=1, Internal ID=698)
Action.c(197):     GET /cgi-bin/welcome.pl?signOff=1 HTTP/1.1\r\n
Action.c(197):     Referer: http://localhost:1080/cgi-bin/nav.pl?page=menu&in=itinerary\r\n
Action.c(197):     User-Agent: Mozilla/5.0 (Windows NT 10.0; WOW64; Trident/7.0; rv:11.0) like Gecko\r\n
Action.c(197):     Accept-Encoding: gzip, deflate\r\n
Action.c(197):     Accept-Language: ru-RU\r\n
Action.c(197):     Accept: */*\r\n
Action.c(197):     Connection: Keep-Alive\r\n
Action.c(197):     Host: localhost:1080\r\n
Action.c(197):     Cookie: MSO=SID&1700776991; MTUserInfo=firstName&aliens&username&votv&address2&Secret&hash
Action.c(197):     &118&address1&Some&lastName&metior%0A\r\n
Action.c(197):     \r\n
Action.c(197): t=37559ms: 327-byte response headers for "http://localhost:1080/cgi-bin/welcome.pl?signOff=1" (RelFrameId=1, Internal ID=698)
Action.c(197):     HTTP/1.1 200 OK\r\n
Action.c(197):     Date: Thu, 23 Nov 2023 22:03:13 GMT\r\n
Action.c(197):     Server: Apache/2.2.21 (Win32)\r\n
Action.c(197):     Set-Cookie: MSO=SID&1700776993; path=/\r\n
Action.c(197):     Set-Cookie: MTUserInfo=; path=/; expires=Wed, 22-Nov-2023 22:03:13 GMT\r\n
Action.c(197):     Keep-Alive: timeout=5, max=86\r\n
Action.c(197):     Connection: Keep-Alive\r\n
Action.c(197):     Transfer-Encoding: chunked\r\n
Action.c(197):     Content-Type: text/html; charset=ISO-8859-1\r\n
Action.c(197):     \r\n
Action.c(197): t=37560ms: 5-byte chunked response overhead for "http://localhost:1080/cgi-bin/welcome.pl?signOff=1" (RelFrameId=1, Internal ID=698)
Action.c(197):     2ae\r\n
Action.c(197): t=37561ms: 2-byte chunked response overhead for "http://localhost:1080/cgi-bin/welcome.pl?signOff=1" (RelFrameId=1, Internal ID=698)
Action.c(197):     \r\n
Action.c(197): t=37561ms: 686-byte chunked response body for "http://localhost:1080/cgi-bin/welcome.pl?signOff=1" (RelFrameId=1, Internal ID=698)
Action.c(197):     <!-- \n
Action.c(197):      A Session ID has been created and loaded into a cookie called MSO.\n
Action.c(197):      Also, the server options have been loaded into the cookie called\n
Action.c(197):      MSO as well.  The server options can be set via the Admin page.\n
Action.c(197):      --->\n
Action.c(197):     \n
Action.c(197):     <html>\n
Action.c(197):     <title>Web Tours</title>\n
Action.c(197):        <!-- Frame Set -->\n
Action.c(197):        <frameset cols="160,*" border="1" frameborder="1">\n
Action.c(197):           <!-- Navigation Frame -->\n
Action.c(197):           <frame src="nav.pl?in=home" name="navbar" marginheight="2" marginwidth="2" \n
Action.c(197):                 noresize="noresize" scrolling="auto"/>\n
Action.c(197):           <!-- Home Frame -->\n
Action.c(197):           <frame src="/WebTours/home.html" name="info" marginheight="2" marginwidth="2" \n
Action.c(197):                 noresize="noresize" scrolling="auto"/>\n
Action.c(197):        </frameset>\n
Action.c(197):     </html>\n
Action.c(197):     \n
Action.c(197):     </body>\n
Action.c(197):     </html>
Action.c(197): Detected non-resource "http://localhost:1080/cgi-bin/nav.pl?in=home" in "http://localhost:1080/cgi-bin/welcome.pl?signOff=1"  	[MsgId: MMSG-26574]
Action.c(197): Detected non-resource "http://localhost:1080/WebTours/home.html" in "http://localhost:1080/cgi-bin/welcome.pl?signOff=1"  	[MsgId: MMSG-26574]
Action.c(197): Retrieving data from cache for "http://localhost:1080/WebTours/home.html"  	[MsgId: MMSG-26558]
Action.c(197): t=37563ms: 1361-byte response body retrieved from cache for "http://localhost:1080/WebTours/home.html" (RelFrameId=1.2, Internal ID=700)
Action.c(197):     <HTML>\n
Action.c(197):     <HEAD>\n
Action.c(197):     \t<title>Web Tours</title>\n
Action.c(197):     </HEAD>\n
Action.c(197):     <style>\n
Action.c(197):     \tblockquote {font-family: tahoma; font-size : 10pt}\n
Action.c(197):     \tH1 {font-family: tahoma; font-size : 22pt; color: #003366}\n
Action.c(197):     \tsmall {font-family: tahoma; font-size : 8pt}\n
Action.c(197):     \tH3{font-family: tahoma; font-size : 10pt; color: black}\n
Action.c(197):     \tA {FONT-WEIGHT: bold; FONT-SIZE: 10pt; COLOR: black; FONT-FAMILY: Tahoma; TEXT-DECORATIO
Action.c(197):     N: none}\n
Action.c(197):     \tA:hover{ FONT-WEIGHT: bold; FONT-SIZE: 10pt; COLOR: #993333; FONT-FAMILY: Tahoma;TEXT-DE
Action.c(197):     CORATION: underline}\n
Action.c(197):     \tTD {font-family: tahoma; font-size : 10pt; color: black}\n
Action.c(197):     </style>\n
Action.c(197):     <body bgcolor="#e0e7f1">\n
Action.c(197):     <BR/>\n
Action.c(197):     <BR/>\n
Action.c(197):     <BR/>\n
Action.c(197):     <br/>\n
Action.c(197):     <table border="0">\n
Action.c(197):     <tr><td></td></tr>\n
Action.c(197):     <TR><TD></TD></TR>\n
Action.c(197):     <TR><TD>\n
Action.c(197):     <blockquote>\n
Action.c(197):     <H1><b>Web Tours</b></H1>\n
Action.c(197):     Welcome to the Web Tours site.\n
Action.c(197):     <br/>\n
Action.c(197):     To make reservations,please enter your account information to the left.\n
Action.c(197):     <br/>\n
Action.c(197):     If you haven't registered yet, <A href="/cgi-bin/login.pl?username=&amp;password=&amp;getI
Action.c(197):     nfo=true" ><B>sign up now</B></A> to get access to all our resources.\n
Action.c(197):     <br/>\n
Action.c(197):     To configure the server options, use <A href="/cgi-bin/admin.pl" target="body" ><b>adminis
Action.c(197):     tration</b></A> link.\n
Action.c(197):     <br/><br/><br/><br/><br/><br/>\n
Action.c(197):     <br/><small>\n
Action.c(197):     This product uses parts of the SMT Kernel, Copyright (c) 1991-99 <A href="http://www.imati
Action.c(197):     x.com" target="new"><B><small>iMatix Corporation</small></B></A> \n
Action.c(197):     </small>\n
Action.c(197):     </blockquote></TD>\n
Action.c(197):     <TD></TD></TR>\n
Action.c(197):     </table>\n
Action.c(197):     </body>\n
Action.c(197):     </HTML>\n
Action.c(197): t=37565ms: 5-byte chunked response overhead for "http://localhost:1080/cgi-bin/welcome.pl?signOff=1" (RelFrameId=1, Internal ID=698)
Action.c(197):     0\r\n
Action.c(197):     \r\n
Action.c(197): t=37565ms: Request done "http://localhost:1080/cgi-bin/welcome.pl?signOff=1"  	[MsgId: MMSG-26000]
Action.c(197): t=37566ms: Already connected [1] to localhost:1080  	[MsgId: MMSG-26000]
Action.c(197): t=37567ms: 327-byte request headers for "http://localhost:1080/cgi-bin/nav.pl?in=home" (RelFrameId=1.1, Internal ID=699)
Action.c(197):     GET /cgi-bin/nav.pl?in=home HTTP/1.1\r\n
Action.c(197):     Referer: http://localhost:1080/cgi-bin/welcome.pl?signOff=1\r\n
Action.c(197):     User-Agent: Mozilla/5.0 (Windows NT 10.0; WOW64; Trident/7.0; rv:11.0) like Gecko\r\n
Action.c(197):     Accept-Encoding: gzip, deflate\r\n
Action.c(197):     Accept-Language: ru-RU\r\n
Action.c(197):     Accept: */*\r\n
Action.c(197):     Connection: Keep-Alive\r\n
Action.c(197):     Host: localhost:1080\r\n
Action.c(197):     Cookie: MSO=SID&1700776993\r\n
Action.c(197):     \r\n
Action.c(197): t=37603ms: 255-byte response headers for "http://localhost:1080/cgi-bin/nav.pl?in=home" (RelFrameId=1.1, Internal ID=699)
Action.c(197):     HTTP/1.1 200 OK\r\n
Action.c(197):     Date: Thu, 23 Nov 2023 22:03:13 GMT\r\n
Action.c(197):     Server: Apache/2.2.21 (Win32)\r\n
Action.c(197):     Expires: Wed, 22 Nov 2023 22:03:13 GMT\r\n
Action.c(197):     Keep-Alive: timeout=5, max=91\r\n
Action.c(197):     Connection: Keep-Alive\r\n
Action.c(197):     Transfer-Encoding: chunked\r\n
Action.c(197):     Content-Type: text/html; charset=ISO-8859-1\r\n
Action.c(197):     \r\n
Action.c(197): t=37604ms: 5-byte chunked response overhead for "http://localhost:1080/cgi-bin/nav.pl?in=home" (RelFrameId=1.1, Internal ID=699)
Action.c(197):     5d1\r\n
Action.c(197): t=37604ms: 2-byte chunked response overhead for "http://localhost:1080/cgi-bin/nav.pl?in=home" (RelFrameId=1.1, Internal ID=699)
Action.c(197):     \r\n
Action.c(197): t=37604ms: 1489-byte chunked response body for "http://localhost:1080/cgi-bin/nav.pl?in=home" (RelFrameId=1.1, Internal ID=699)
Action.c(197):     <!DOCTYPE html\n
Action.c(197):     \tPUBLIC "-//W3C//DTD XHTML 1.0 Transitional//EN"\n
Action.c(197):     \t "http://www.w3.org/TR/xhtml1/DTD/xhtml1-transitional.dtd">\n
Action.c(197):     <html xmlns="http://www.w3.org/1999/xhtml" lang="en-US" xml:lang="en-US">\n
Action.c(197):     <head>\n
Action.c(197):     <title>Web Tours Navigation Bar</title>\n
Action.c(197):     <meta http-equiv="Content-Type" content="text/html; charset=iso-8859-1" />\n
Action.c(197):     </head>\n
Action.c(197):     <body bgcolor="#E0E7F1">\n
Action.c(197):     <style>\n
Action.c(197):     blockquote {font-family: tahoma; font-size : 10pt}\n
Action.c(197):     H1 {font-family: tahoma; font-size : 22pt; color: #993333}\n
Action.c(197):     H3 {font-family: tahoma; font-size : 10pt; color: black}\n
Action.c(197):     small {font-family: tahoma; font-size : 8pt}\n
Action.c(197):     </style>\n
Action.c(197):     <form method="post" action="/cgi-bin/login.pl" target="body">\n
Action.c(197):     <input type="hidden" name="userSession" value="137770.51381126HAizfHApiAtVzzzHtcfVQptcticf
Action.c(197):     "/>\n
Action.c(197):     <table border="0"><tr><td>&nbsp;</td>\n
Action.c(197):     <td>&nbsp;</td></tr>\n
Action.c(197):     <tr><td>&nbsp;</td>\n
Action.c(197):     <td>&nbsp;</td></tr>\n
Action.c(197):     <tr><td>&nbsp;</td>\n
Action.c(197):     <td><small>&nbsp;Username</small></td></tr>\n
Action.c(197):     <tr><td>&nbsp;</td>\n
Action.c(197):     <td><input type="text" name="username" value="" size="14" maxlength="14"/></td></tr>\n
Action.c(197):     <tr><td>&nbsp;</td>\n
Action.c(197):     <td><small>&nbsp;Password</small></td>\n
Action.c(197):     <tr><td>&nbsp;</td>\n
Action.c(197):     <td><input type="password" name="password" value="" size="14" maxlength="14"/></td></tr>\n
Action.c(197):     <tr><td>&nbsp;</td>\n
Action.c(197):     <td>&nbsp;</td></tr>\n
Action.c(197):     <tr><td>&nbsp;</td>\n
Action.c(197):     <td><input type="image" name="login" value="Login" alt="Login" border="1" \n
Action.c(197):     src="/WebTours/images/mer_login.gif"/></td></tr>\n
Action.c(197):     <tr><td>&nbsp;</td><td>&nbsp;</td></tr>\n
Action.c(197):     </table><input type="hidden" name="JSFormSubmit" value="off"/>\n
Action.c(197):     </form>\n
Action.c(197):     \n
Action.c(197):     </body>\n
Action.c(197):     </html>\n
Action.c(197): Resource "http://localhost:1080/WebTours/images/mer_login.gif" is in the cache already and will not be downloaded again  	[MsgId: MMSG-26655]
Action.c(197): t=37606ms: 5-byte chunked response overhead for "http://localhost:1080/cgi-bin/nav.pl?in=home" (RelFrameId=1.1, Internal ID=699)
Action.c(197):     0\r\n
Action.c(197):     \r\n
Action.c(197): t=37606ms: Request done "http://localhost:1080/cgi-bin/nav.pl?in=home"  	[MsgId: MMSG-26000]
Action.c(197): Registered web_reg_find successful for "Text=Web Tours" (count=5)  	[MsgId: MMSG-26364]
Action.c(197): web_url("SignOff Button") was successful, 2175 body bytes, 582 header bytes, 24 chunking overhead bytes  	[MsgId: MMSG-26385]
Action.c(207): Notify: Transaction "Logout" ended with a "Pass" status (Duration: 0.2073 Wasted Time: 0.0662).
Action.c(209): Notify: Transaction "5_TakeFlyAndLookItinerary" ended with a "Pass" status (Duration: 2.1047 Wasted Time: 0.5526).
Ending action Action.
Ending iteration 20.
Ending Vuser...
Starting action vuser_end.
Ending action vuser_end.
Vuser Terminated.
t=37737ms: Closed connection [0] to localhost:1080 after completing 15 request(s)  	[MsgId: MMSG-26000]
t=37738ms: Closed connection [1] to localhost:1080 after completing 10 request(s)  	[MsgId: MMSG-26000]
t=37738ms: Closed connection [2] to localhost:1080 after completing 4 request(s)  	[MsgId: MMSG-26000]
t=37738ms: Closed connection [3] to localhost:1080 after completing 3 request(s)  	[MsgId: MMSG-26000]
t=37738ms: Closed connection [4] to localhost:1080 after completing 1 request(s)  	[MsgId: MMSG-26000]
t=37738ms: Closed connection [5] to localhost:1080 after completing 1 request(s)  	[MsgId: MMSG-26000]
HTML-Mode memory management statistics: Reusable=7, NonReusable=0, CsMemBlockSize=4096, checks disabled  	[MsgId: MMSG-26000]
Vuser 0 (thread 4580), ended OK."
